<?xml version="1.0" encoding="UTF-8"?>
<testng-results skipped="0" failed="0" total="1" passed="1">
  <reporter-output>
  </reporter-output>
  <suite name="Default suite" duration-ms="188184" started-at="2017-05-30T16:23:53Z" finished-at="2017-05-30T16:27:01Z">
    <groups>
    </groups>
    <test name="Default test" duration-ms="188184" started-at="2017-05-30T16:23:53Z" finished-at="2017-05-30T16:27:01Z">
      <class name="testcases.TestLoginPage">
        <test-method status="PASS" signature="setUp()[pri:0, instance:testcases.TestLoginPage@149dace]" name="setUp" is-config="true" duration-ms="129841" started-at="2017-05-30T21:53:53Z" finished-at="2017-05-30T21:56:03Z">
          <reporter-output>
          </reporter-output>
        </test-method> <!-- setUp -->
        <test-method status="PASS" signature="verifyLogin()[pri:0, instance:testcases.TestLoginPage@149dace]" name="verifyLogin" duration-ms="56773" started-at="2017-05-30T21:56:03Z" finished-at="2017-05-30T21:57:00Z">
          <reporter-output>
          </reporter-output>
        </test-method> <!-- verifyLogin -->
        <test-method status="PASS" signature="cleanUp()[pri:0, instance:testcases.TestLoginPage@149dace]" name="cleanUp" is-config="true" duration-ms="1485" started-at="2017-05-30T21:57:00Z" finished-at="2017-05-30T21:57:01Z">
          <reporter-output>
          </reporter-output>
        </test-method> <!-- cleanUp -->
      </class> <!-- testcases.TestLoginPage -->
    </test> <!-- Default test -->
  </suite> <!-- Default suite -->
</testng-results>
